<?xml version="1.0" encoding="UTF-8"?>
<!-- Generated by org.testng.reporters.JUnitReportReporter -->
<testsuite hostname="nikhil" failures="0" tests="2" name="TestNG.annotations" time="0.025" errors="0" timestamp="2022-07-30T12:04:27 IST" skipped="0">
  <testcase classname="TestNG.annotations" name="metod5" time="0.005"/>
  <system-out/>
  <testcase classname="TestNG.annotations" name="method10" time="0.020"/>
  <system-out/>
</testsuite> <!-- TestNG.annotations -->
