<?xml version="1.0" encoding="UTF-8"?>
<!-- Generated by org.testng.reporters.JUnitReportReporter -->
<testsuite hostname="nikhil" failures="0" tests="1" name="testclass.veriyloginfunofFB" time="32.862" errors="0" timestamp="2022-08-04T23:12:26 IST" skipped="0">
  <testcase classname="testclass.veriyloginfunofFB" name="FACEBOOK" time="32.862"/>
  <system-out/>
</testsuite> <!-- testclass.veriyloginfunofFB -->
