<?xml version="1.0" encoding="UTF-8"?>
<!-- Generated by org.testng.reporters.JUnitReportReporter -->
<testsuite hostname="nikhil" failures="0" tests="1" name="testclass.verifyloginfunctionality" time="54.514" errors="0" timestamp="2022-08-04T23:12:26 IST" skipped="0">
  <testcase classname="testclass.verifyloginfunctionality" name="login" time="54.514"/>
  <system-out/>
</testsuite> <!-- testclass.verifyloginfunctionality -->
