<?xml version="1.0" encoding="UTF-8"?>
<!-- Generated by org.testng.reporters.JUnitReportReporter -->
<testsuite hostname="nikhil" failures="0" tests="1" name="pompclass.pom12" time="0.031" errors="0" timestamp="2022-07-28T11:54:47 IST" skipped="0">
  <testcase classname="pompclass.pom12" name="method13" time="0.031"/>
  <system-out/>
</testsuite> <!-- pompclass.pom12 -->
