<?xml version="1.0" encoding="UTF-8"?>
<!-- Generated by org.testng.reporters.JUnitReportReporter -->
<testsuite hostname="nikhil" failures="0" tests="1" name="testclass.veifylogoutfunctionality" time="54.827" errors="0" timestamp="2022-08-04T23:12:26 IST" skipped="0">
  <testcase classname="testclass.veifylogoutfunctionality" name="logoutpage" time="54.827"/>
  <system-out/>
</testsuite> <!-- testclass.veifylogoutfunctionality -->
