<?xml version="1.0" encoding="UTF-8"?>
<!-- Generated by org.testng.reporters.JUnitReportReporter -->
<testsuite hostname="nikhil" failures="0" tests="1" name="TestNG.TestNG" time="0.045" errors="0" timestamp="2022-07-28T10:07:08 IST" skipped="0">
  <testcase classname="TestNG.TestNG" name="method1" time="0.045"/>
  <system-out/>
</testsuite> <!-- TestNG.TestNG -->
